[debug] [2024-02-19T21:53:35.205Z] ----------------------------------------------------------------------
[debug] [2024-02-19T21:53:35.208Z] Command:       C:\Program Files\nodejs\node.exe C:\Users\YourSweetNightmare\AppData\Roaming\npm\node_modules\firebase-tools\lib\bin\firebase.js init
[debug] [2024-02-19T21:53:35.208Z] CLI Version:   13.3.0
[debug] [2024-02-19T21:53:35.208Z] Platform:      win32
[debug] [2024-02-19T21:53:35.208Z] Node Version:  v20.9.0
[debug] [2024-02-19T21:53:35.209Z] Time:          Tue Feb 20 2024 03:23:35 GMT+0530 (India Standard Time)
[debug] [2024-02-19T21:53:35.209Z] ----------------------------------------------------------------------
[debug] 
[debug] [2024-02-19T21:53:35.312Z] > command requires scopes: ["email","openid","https://www.googleapis.com/auth/cloudplatformprojects.readonly","https://www.googleapis.com/auth/firebase","https://www.googleapis.com/auth/cloud-platform"]
[debug] [2024-02-19T21:53:35.313Z] > authorizing via signed-in user (keztmckinnon@gmail.com)
[info] 
     ######## #### ########  ######## ########     ###     ######  ########
     ##        ##  ##     ## ##       ##     ##  ##   ##  ##       ##
     ######    ##  ########  ######   ########  #########  ######  ######
     ##        ##  ##    ##  ##       ##     ## ##     ##       ## ##
     ##       #### ##     ## ######## ########  ##     ##  ######  ########

You're about to initialize a Firebase project in this directory:

  D:\Code\React JS\social-media-app

Before we get started, keep in mind:

  * You are initializing within an existing Firebase project directory

[info] 
=== Project Setup
[info] 
[info] First, let's associate this project directory with a Firebase project.
[info] You can create multiple project aliases by running firebase use --add, 
[info] but for now we'll just set up a default project.
[info] 
[debug] [2024-02-19T21:53:51.382Z] Using project from CLI flag: social-media-6795e
[debug] [2024-02-19T21:53:51.383Z] > refreshing access token with scopes: []
[debug] [2024-02-19T21:53:51.385Z] >>> [apiv2][query] POST https://www.googleapis.com/oauth2/v3/token [none]
[debug] [2024-02-19T21:53:51.385Z] >>> [apiv2][body] POST https://www.googleapis.com/oauth2/v3/token [omitted]
[debug] [2024-02-19T21:53:51.636Z] <<< [apiv2][status] POST https://www.googleapis.com/oauth2/v3/token 200
[debug] [2024-02-19T21:53:51.636Z] <<< [apiv2][body] POST https://www.googleapis.com/oauth2/v3/token [omitted]
[debug] [2024-02-19T21:53:51.651Z] >>> [apiv2][query] GET https://firebase.googleapis.com/v1beta1/projects/social-media-6795e [none]
[debug] [2024-02-19T21:53:52.315Z] <<< [apiv2][status] GET https://firebase.googleapis.com/v1beta1/projects/social-media-6795e 200
[debug] [2024-02-19T21:53:52.316Z] <<< [apiv2][body] GET https://firebase.googleapis.com/v1beta1/projects/social-media-6795e {"projectId":"social-media-6795e","projectNumber":"749516680986","displayName":"social-media","name":"projects/social-media-6795e","resources":{"hostingSite":"social-media-6795e","storageBucket":"social-media-6795e.appspot.com","locationId":"us-central"},"state":"ACTIVE","etag":"1_c42a9827-7e84-4001-8e15-676f974d0459"}
[info] i  Using project social-media-6795e (social-media) 
[info] 
=== Hosting Setup
[debug] [2024-02-19T21:53:52.331Z] >>> [apiv2][query] GET https://firebase.googleapis.com/v1beta1/projects/social-media-6795e [none]
[debug] [2024-02-19T21:53:52.933Z] <<< [apiv2][status] GET https://firebase.googleapis.com/v1beta1/projects/social-media-6795e 200
[debug] [2024-02-19T21:53:52.934Z] <<< [apiv2][body] GET https://firebase.googleapis.com/v1beta1/projects/social-media-6795e {"projectId":"social-media-6795e","projectNumber":"749516680986","displayName":"social-media","name":"projects/social-media-6795e","resources":{"hostingSite":"social-media-6795e","storageBucket":"social-media-6795e.appspot.com","locationId":"us-central"},"state":"ACTIVE","etag":"1_c42a9827-7e84-4001-8e15-676f974d0459"}
[info] 
[info] Your public directory is the folder (relative to your project directory) that
[info] will contain Hosting assets to be uploaded with firebase deploy. If you
[info] have a build process for your assets, use your build's output directory.
[info] 
[info] +  Wrote y/404.html 
[debug] [2024-02-19T22:00:15.437Z] >>> [apiv2][query] GET https://www.gstatic.com/firebasejs/releases.json [none]
[debug] [2024-02-19T22:00:15.521Z] <<< [apiv2][status] GET https://www.gstatic.com/firebasejs/releases.json 200
[debug] [2024-02-19T22:00:15.522Z] <<< [apiv2][body] GET https://www.gstatic.com/firebasejs/releases.json {"current":{"version":"10.8.0","browserURL":"https://www.gstatic.com/firebasejs/10.8.0/firebase.js","packageURL":"https://www.gstatic.com/firebasejs/10.8.0/firebase.tgz"},"live":{"version":"10.8","browserURL":"https://www.gstatic.com/firebasejs/live/10.8/firebase.js","packageURL":"https://www.gstatic.com/firebasejs/live/10.8/firebase.tgz"},"components":{"analytics":"https://www.gstatic.com/firebasejs/10.8.0/firebase-analytics.js","app":"https://www.gstatic.com/firebasejs/10.8.0/firebase-app.js","app-check":"https://www.gstatic.com/firebasejs/10.8.0/firebase-app-check.js","auth":"https://www.gstatic.com/firebasejs/10.8.0/firebase-auth.js","auth/cordova":"https://www.gstatic.com/firebasejs/10.8.0/firebase-auth/cordova.js","auth/web-extension":"https://www.gstatic.com/firebasejs/10.8.0/firebase-auth/web-extension.js","functions":"https://www.gstatic.com/firebasejs/10.8.0/firebase-functions.js","firestore":"https://www.gstatic.com/firebasejs/10.8.0/firebase-firestore.js","firestore/lite":"https://www.gstatic.com/firebasejs/10.8.0/firebase-firestore/lite.js","installations":"https://www.gstatic.com/firebasejs/10.8.0/firebase-installations.js","storage":"https://www.gstatic.com/firebasejs/10.8.0/firebase-storage.js","performance":"https://www.gstatic.com/firebasejs/10.8.0/firebase-performance.js","remote-config":"https://www.gstatic.com/firebasejs/10.8.0/firebase-remote-config.js","messaging":"https://www.gstatic.com/firebasejs/10.8.0/firebase-messaging.js","messaging/sw":"https://www.gstatic.com/firebasejs/10.8.0/firebase-messaging/sw.js","database":"https://www.gstatic.com/firebasejs/10.8.0/firebase-database.js","firestore.memory":"https://www.gstatic.com/firebasejs/10.8.0/firebase-firestore.memory.js"}}
[info] +  Wrote y/index.html 
[info] 
[info] i  Writing configuration info to firebase.json... 
[info] i  Writing project information to .firebaserc... 
[info] 
[info] +  Firebase initialization complete! 
